<?xml version="1.0" encoding="UTF-8"?>
<testsuite name="src.test.TestRate" tests="1" skipped="0" failures="0" errors="0" timestamp="2021-04-17T20:19:30" hostname="pop-os" time="0.001">
  <properties/>
  <testcase name="testAverage()" classname="src.test.TestRate" time="0.001"/>
  <system-out><![CDATA[]]></system-out>
  <system-err><![CDATA[]]></system-err>
</testsuite>
