<?xml version="1.0" encoding="UTF-8"?>
<testsuite name="src.test.TestState" tests="1" skipped="0" failures="0" errors="0" timestamp="2021-04-17T20:19:25" hostname="pop-os" time="0.052">
  <properties/>
  <testcase name="testAddMulMethod()" classname="src.test.TestState" time="0.052"/>
  <system-out><![CDATA[
(V: (1.0,2.0,3.0) |P: (4.0,5.0,6.0) | Time: 0.0),

(V: (13.0,16.0,19.0) |P: (12.0,15.0,18.0) | Time: 2.0),
]]></system-out>
  <system-err><![CDATA[]]></system-err>
</testsuite>
