<?xml version="1.0" encoding="UTF-8"?>
<testsuite name="src.test.TestNewtonGravityFunction" tests="1" skipped="0" failures="0" errors="0" timestamp="2021-04-17T16:34:30" hostname="pop-os" time="0.01">
  <properties/>
  <testcase name="testNewtonGravityFunc()" classname="src.test.TestNewtonGravityFunction" time="0.01"/>
  <system-out><![CDATA[
(V: (-14.20511669610689,-4.954714716629277,0.3994237625449041) |P: (-6.806783239281648E8,1.080005533878725E9,6564012.75169017) | Time: 0.0),
(V: (38925.85189044652,2978.342247012996,-3327.96415141474) |P: (6047855.986424127,-6.801800047868888E10,-5.702742359714534E9) | Time: 0.0),
------
Outcome:
(CV: (4.5401856113667494E-11,-4.568309492895859E-9,-3.7746210063492234E-10) |CP: (-14.20511669610689,-4.954714716629277,0.3994237625449041) ),(CV: (-2.7341487244708597E-4,0.027510852291409486,0.0022731174655134553) |CP: (38925.85189044652,2978.342247012996,-3327.96415141474) ),
]]></system-out>
  <system-err><![CDATA[]]></system-err>
</testsuite>
