<?xml version="1.0" encoding="UTF-8"?>
<testsuite name="src.test.TestUniverse" tests="1" skipped="0" failures="0" errors="0" timestamp="2021-04-16T11:27:33" hostname="pop-os" time="0.002">
  <properties/>
  <testcase name="testMassAccess()" classname="src.test.TestUniverse" time="0.002"/>
  <system-out><![CDATA[]]></system-out>
  <system-err><![CDATA[]]></system-err>
</testsuite>
