<?xml version="1.0" encoding="UTF-8"?>
<testsuite name="src.test.ProbeSimulatorTest" tests="7" skipped="0" failures="0" errors="0" timestamp="2021-04-17T20:19:25" hostname="pop-os" time="0.493">
  <properties/>
  <testcase name="testTrajectoryOneDayX()" classname="src.test.ProbeSimulatorTest" time="0.014"/>
  <testcase name="testTrajectoryOneDayY()" classname="src.test.ProbeSimulatorTest" time="0.007"/>
  <testcase name="testTrajectoryOneDayZ()" classname="src.test.ProbeSimulatorTest" time="0.006"/>
  <testcase name="testTrajectoryLength()" classname="src.test.ProbeSimulatorTest" time="0.23"/>
  <testcase name="testTrajectoryOneYearX()" classname="src.test.ProbeSimulatorTest" time="0.116"/>
  <testcase name="testTrajectoryOneYearY()" classname="src.test.ProbeSimulatorTest" time="0.047"/>
  <testcase name="testTrajectoryOneYearZ()" classname="src.test.ProbeSimulatorTest" time="0.058"/>
  <system-out><![CDATA[trajectory length: 367
day,x,y,z
0,6371000.0,0.0,0.0
1,4.542371E9,-2.3328E9,0.0
2,-3.1547065255804095E11,5.055084563071998E11,3.100714694328685E9
3,-6.567863463949856E11,1.02726412573103E12,6.228335732418045E9
4,-9.981005564552323E11,1.5490174173032415E12,9.355942186820957E9
5,-1.3394144066606216E12,2.0707701459849348E12,1.2483545228949821E10
6,-1.6807280985361611E12,2.5925226289252266E12,1.5611146787040915E10
7,-2.022041701796518E12,3.1142749748555195E12,1.873874751927808E10
8,-2.363355248512505E12,3.636027233561791E12,2.186634772634241E10
9,-2.704668756039409E12,4.1577794319080576E12,2.4993947570249977E10
10,-3.0459822348149663E12,4.679531586018879E12,2.812154714815447E10
11,-3.38729569160101E12,5.201283706325189E12,3.1249146522860767E10
12,-3.728609131026856E12,5.723035799960487E12,3.437674573729722E10
13,-4.0699225564001416E12,6.244787872017282E12,3.750434482209714E10
14,-4.411235970165948E12,6.766539926257478E12,4.0631943799882195E10
15,-4.752549374182586E12,7.28829196553857E12,4.375954268783083E10
16,-5.093862769895363E12,7.810043992081931E12,4.6887141499294205E10
17,-5.435176158450483E12,8.331796007648509E12,5.00147402448541E10
18,-5.776489540772228E12,8.85354801365781E12,5.31423389330391E10
19,-6.117802917616754E12,9.375300011270787E12,5.626993757082333E10
20,-6.45911628961053E12,9.897052001449021E12,5.939753616398251E10
21,-6.800429657278385E12,1.041880398499789E13,6.252513471735356E10
22,-7.141743021064356E12,1.094055596259866E13,6.565273323502759E10
23,-7.483056381347467E12,1.1462307934832729E13,6.878033172049568E10
24,-7.824369738453819E12,1.1984059902200238E13,7.190793017676076E10
25,-8.165683092666013E12,1.2505811865134541E13,7.503552860642453E10
26,-8.506996444230547E12,1.302756382401358E13,7.816312701175589E10
27,-8.848309793363719E12,1.354931577916895E13,8.129072539474536E10
28,-9.189623140256367E12,1.4071067730893176E13,8.441832375714885E10
29,-9.530936485077709E12,1.4592819679445621E13,8.75459221005231E10
30,-9.872249827978492E12,1.5114571625057312E13,9.067352042625473E10
31,-1.0213563169093588E13,1.5636323567934928E13,9.380111873558414E10
32,-1.0554876508544143E13,1.6158075508264094E13,9.692871702962538E10
33,-1.089618984643938E13,1.667982744621216E13,1.0005631530938272E11
34,-1.123750318287812E13,1.7201579381930514E13,1.0318391357576465E11
35,-1.1578816517950045E13,1.772333131555655E13,1.0631151182959564E11
36,-1.192012985173681E13,1.824508324721535E13,1.0943911007162624E11
37,-1.2261443184312965E13,1.87668351770211E13,1.125667083025416E11
38,-1.2602756515746754E13,1.9288587105078332E13,1.1569430652296892E11
39,-1.294406984610081E13,1.9810339031482965E13,1.1882190473348375E11
40,-1.3285383175432754E13,2.0332090956323246E13,1.2194950293461555E11
41,-1.3626696503795713E13,2.085384287968053E13,1.2507710112685246E11
42,-1.3968009831238777E13,2.1375594801629996E13,1.282046993106455E11
43,-1.4309323157807398E13,2.1897346722241242E13,1.313322974864122E11
44,-1.4650636483543742E13,2.241909864157883E13,1.3445989565453992E11
45,-1.4991949808486996E13,2.2940850559702758E13,1.375874938153886E11
46,-1.5333263132673643E13,2.346260247666889E13,1.4071509196929337E11
47,-1.5674576456137705E13,2.3984354392529316E13,1.4384269011656668E11
48,-1.601588977891096E13,2.4506106307332684E13,1.4697028825750043E11
49,-1.6357203101023139E13,2.5027858221124504E13,1.5009788639236758E11
50,-1.6698516422502086E13,2.5549610133947406E13,1.5322548452142392E11
51,-1.7039829743373928E13,2.607136204584139E13,1.563530826449093E11
52,-1.7381143063663207E13,2.659311395684402E13,1.594806807630491E11
53,-1.7722456383393004E13,2.7114865866990625E13,1.6260827887605527E11
54,-1.806376970258506E13,2.7636617776314484E13,1.6573587698412738E11
55,-1.8405083021259863E13,2.815836968484697E13,1.688634750874536E11
56,-1.8746396339436766E13,2.8680121592617684E13,1.7199107318621158E11
57,-1.9087709657134047E13,2.920187349965461E13,1.751186712805691E11
58,-1.9429022974368996E13,2.9723625405984215E13,1.782462693706849E11
59,-1.9770336291157984E13,3.0245377311631555E13,1.8137386745670932E11
60,-2.011164960751653E13,3.076712921662038E13,1.8450146553878476E11
61,-2.045296292345936E13,3.1288881120973223E13,1.876290636170464E11
62,-2.079427623900045E13,3.1810633024711477E13,1.9075666169162253E11
63,-2.1135589554153086E13,3.2332384927855477E13,1.9388425976263513E11
64,-2.1476902868929906E13,3.2854136830424562E13,1.970118578302002E11
65,-2.181821618334294E13,3.3375888732437145E13,2.0013945589442813E11
66,-2.2159529497403652E13,3.389764063391076E13,2.0326705395542416E11
67,-2.2500842811122973E13,3.441939253486214E13,2.0639465201328857E11
68,-2.284215612451133E13,3.494114443530724E13,2.095222500681171E11
69,-2.3183469437578676E13,3.546289633526129E13,2.126498481200011E11
70,-2.352478275033453E13,3.598464823473886E13,2.157774461690279E11
71,-2.3866096062787992E13,3.650640013375387E13,2.1890504421528098E11
72,-2.420740937494776E13,3.702815203231963E13,2.2203264225884024E11
73,-2.4548722686822176E13,3.754990393044891E13,2.2516024029978217E11
74,-2.489003599841922E13,3.8071655828153914E13,2.2828783833818005E11
75,-2.5231349309746547E13,3.859340772544636E13,2.314154363741041E11
76,-2.55726626208115E13,3.911515962233748E13,2.345430344076217E11
77,-2.5913975931621125E13,3.963691151883805E13,2.3767063243879752E11
78,-2.6255289242182188E13,4.015866341495843E13,2.407982304676936E11
79,-2.659660255250119E13,4.068041531070856E13,2.4392582849436963E11
80,-2.6937915862584383E13,4.120216720609801E13,2.470534265188829E11
81,-2.727922917243777E13,4.172391910113596E13,2.501810245412886E11
82,-2.7620542482067137E13,4.224567099583127E13,2.5330862256163977E11
83,-2.796185579147805E13,4.276742289019246E13,2.564362205799875E11
84,-2.8303169100675875E13,4.328917478422773E13,2.5956381859638095E11
85,-2.8644482409665777E13,4.381092667794498E13,2.6269141661086758E11
86,-2.898579571845274E13,4.433267857135183E13,2.6581901462349307E11
87,-2.9327109027041562E13,4.485443046445564E13,2.689466126343015E11
88,-2.966842233543689E13,4.53761823572635E13,2.7207421064333542E11
89,-3.000973564364319E13,4.589793424978226E13,2.7520180865063586E11
90,-3.035104895166479E13,4.641968614201852E13,2.783294066562425E11
91,-3.0692362259505863E13,4.694143803397868E13,2.814570046601936E11
92,-3.1033675567170445E13,4.746318992566891E13,2.8458460266252625E11
93,-3.1374988874662434E13,4.798494181709517E13,2.877122006632762E11
94,-3.1716302181985605E13,4.850669370826324E13,2.90839798662478E11
95,-3.2057615489143613E13,4.902844559917871E13,2.939673966601653E11
96,-3.239892879613999E13,4.9550197489846984E13,2.970949946563704E11
97,-3.2740242102978152E13,5.007194938027329E13,3.0022259265112476E11
98,-3.308155540966142E13,5.05937012704627E13,3.0335019064445874E11
99,-3.3422868716193008E13,5.111545316042013E13,3.064777886364018E11
100,-3.376418202257602E13,5.163720505015034E13,3.096053866269825E11
101,-3.4105495328813477E13,5.2158956939657945E13,3.1273298461622845E11
102,-3.4446808634908305E13,5.268070882894742E13,3.1586058260416656E11
103,-3.4788121940863344E13,5.320246071802311E13,3.189881805908229E11
104,-3.512943524668135E13,5.372421260688923E13,3.2211577857622266E11
105,-3.5470748552365E13,5.424596449554987E13,3.2524337656039044E11
106,-3.581206185791688E13,5.4767716384009E13,3.2837097454335004E11
107,-3.615337516333952E13,5.5289468272270484E13,3.314985725251246E11
108,-3.6494688468635375E13,5.581122016033806E13,3.346261705057366E11
109,-3.683600177380682E13,5.633297204821538E13,3.377537684852078E11
110,-3.717731507885617E13,5.685472393590599E13,3.408813664635596E11
111,-3.751862838378569E13,5.737647582341333E13,3.440089644408125E11
112,-3.785994168859755E13,5.7898227710740734E13,3.4713656241698663E11
113,-3.820125499329388E13,5.841997959789148E13,3.5026416039210156E11
114,-3.854256829787677E13,5.894173148486873E13,3.533917583661763E11
115,-3.888388160234823E13,5.946348337167556E13,3.565193563392293E11
116,-3.922519490671021E13,5.998523525831499E13,3.596469543112786E11
117,-3.956650821096464E13,6.0506987144789945E13,3.627745522823418E11
118,-3.990782151511338E13,6.1028739031103266E13,3.6590215025243585E11
119,-4.024913481915824E13,6.1550490917257734E13,3.690297482215775E11
120,-4.059044812310099E13,6.207224280325605E13,3.7215734618978296E11
121,-4.093176142694336E13,6.259399468910085E13,3.75284944157068E11
122,-4.127307473068702E13,6.311574657479471E13,3.7841254212344806E11
123,-4.161438803433362E13,6.363749846034013E13,3.815401400889382E11
124,-4.195570133788474E13,6.415925034573956E13,3.84667738053553E11
125,-4.229701464134196E13,6.468100223099538E13,3.8779533601730676E11
126,-4.263832794470679E13,6.520275411610992E13,3.909229339802135E11
127,-4.297964124798071E13,6.572450600108545E13,3.940505319422868E11
128,-4.332095455116518E13,6.624625788592419E13,3.9717812990354E11
129,-4.366226785426161E13,6.676800977062829E13,4.0030572786398596E11
130,-4.400358115727138E13,6.7289761655199875E13,4.0343332582363745E11
131,-4.434489446019584E13,6.781151353964101E13,4.065609237825068E11
132,-4.468620776303631E13,6.8333265423953695E13,4.09688521740606E11
133,-4.502752106579408E13,6.8855017308139914E13,4.12816119697947E11
134,-4.53688343684704E13,6.9376769192201586E13,4.159437176545413E11
135,-4.57101476710665E13,6.989852107614059E13,4.190713156104002E11
136,-4.6051460973583586E13,7.042027295995878E13,4.2219891356553467E11
137,-4.6392774276022836E13,7.094202484365794E13,4.253265115199555E11
138,-4.673408757838539E13,7.146377672723981E13,4.284541094736732E11
139,-4.707540088067238E13,7.198552861070614E13,4.315817074266982E11
140,-4.741671418288491E13,7.25072804940586E13,4.347093053790404E11
141,-4.775802748502404E13,7.302903237729881E13,4.378369033307098E11
142,-4.809934078709083E13,7.355078426042842E13,4.40964501281716E11
143,-4.844065408908631E13,7.407253614344898E13,4.440920992320685E11
144,-4.878196739101149E13,7.459428802636205E13,4.472196971817764E11
145,-4.912328069286736E13,7.511603990916912E13,4.5034729513084894E11
146,-4.946459399465488E13,7.563779179187169E13,4.534748930792948E11
147,-4.9805907296375E13,7.615954367447119E13,4.566024910271228E11
148,-5.014722059802864E13,7.668129555696903E13,4.597300889743414E11
149,-5.048853389961672E13,7.720304743936661E13,4.628576869209588E11
150,-5.082984720114012E13,7.77247993216653E13,4.659852848669833E11
151,-5.11711605025997E13,7.82465512038664E13,4.6911288281242285E11
152,-5.1512473803996336E13,7.876830308597125E13,4.722404807572853E11
153,-5.185378710533086E13,7.929005496798112E13,4.7536807870157825E11
154,-5.2195100406604086E13,7.981180684989727E13,4.7849567664530927E11
155,-5.253641370781682E13,8.03335587317209E13,4.816232745884857E11
156,-5.287772700896984E13,8.085531061345325E13,4.8475087253111487E11
157,-5.321904031006394E13,8.137706249509548E13,4.8787847047320374E11
158,-5.356035361109986E13,8.189881437664877E13,4.9100606841475934E11
159,-5.390166691207835E13,8.242056625811423E13,4.9413366635578845E11
160,-5.424298021300015E13,8.2942318139493E13,4.972612642962978E11
161,-5.458429351386596E13,8.346407002078616E13,5.003888622362939E11
162,-5.4925606814676484E13,8.398582190199478E13,5.035164601757832E11
163,-5.5266920115432414E13,8.450757378311994E13,5.0664405811477203E11
164,-5.560823341613443E13,8.502932566416264E13,5.097716560532666E11
165,-5.5949546716783195E13,8.555107754512392E13,5.12899253991273E11
166,-5.629086001737936E13,8.607282942600477E13,5.160268519287972E11
167,-5.6632173317923555E13,8.659458130680616E13,5.1915444986584503E11
168,-5.697348661841642E13,8.711633318752906E13,5.222820478024223E11
169,-5.731479991885857E13,8.76380850681744E13,5.254096457385346E11
170,-5.765611321925061E13,8.815983694874312E13,5.2853724367418756E11
171,-5.7997426519593125E13,8.868158882923614E13,5.3166484160938654E11
172,-5.833873981988671E13,8.920334070965433E13,5.3479243954413696E11
173,-5.868005312013194E13,8.972509258999858E13,5.379200374784441E11
174,-5.902136642032937E13,9.024684447026975E13,5.410476354123131E11
175,-5.936267972047956E13,9.076859635046869E13,5.441752333457491E11
176,-5.970399302058306E13,9.129034823059622E13,5.4730283127875696E11
177,-6.00453063206404E13,9.181210011065317E13,5.504304292113417E11
178,-6.03866196206521E13,9.233385199064034E13,5.53558027143508E11
179,-6.072793292061869E13,9.285560387055853E13,5.566856250752609E11
180,-6.1069246220540664E13,9.337735575040852E13,5.598132230066047E11
181,-6.141055952041853E13,9.389910763019105E13,5.629408209375443E11
182,-6.175187282025278E13,9.442085950990689E13,5.660684188680841E11
183,-6.20931861200439E13,9.494261138955678E13,5.691960167982284E11
184,-6.243449941979236E13,9.546436326914144E13,5.723236147279817E11
185,-6.2775812719498625E13,9.59861151486616E13,5.754512126573483E11
186,-6.3117126019163164E13,9.650786702811794E13,5.785788105863323E11
187,-6.345843931878642E13,9.702961890751117E13,5.817064085149379E11
188,-6.379975261836884E13,9.755137078684197E13,5.848340064431692E11
189,-6.4141065917910875E13,9.8073122666111E13,5.879616043710302E11
190,-6.448237921741294E13,9.859487454531892E13,5.910892022985248E11
191,-6.482369251687546E13,9.911662642446639E13,5.94216800225657E11
192,-6.516500581629887E13,9.963837830355403E13,5.973443981524305E11
193,-6.5506319115683555E13,1.0016013018258248E14,6.004719960788492E11
194,-6.584763241502994E13,1.0068188206155236E14,6.035995940049169E11
195,-6.6188945714338414E13,1.0120363394046427E14,6.06727191930637E11
196,-6.653025901360937E13,1.0172538581931881E14,6.098547898560131E11
197,-6.687157231284319E13,1.0224713769811658E14,6.129823877810488E11
198,-6.721288561204026E13,1.0276888957685816E14,6.161099857057477E11
199,-6.755419891120095E13,1.0329064145554411E14,6.192375836301132E11
200,-6.789551221032563E13,1.03812393334175E14,6.223651815541486E11
201,-6.823682550941467E13,1.0433414521275139E14,6.254927794778572E11
202,-6.857813880846842E13,1.0485589709127383E14,6.286203774012423E11
203,-6.8919452107487234E13,1.0537764896974284E14,6.317479753243071E11
204,-6.926076540647145E13,1.0589940084815897E14,6.348755732470549E11
205,-6.960207870542142E13,1.0642115272652273E14,6.380031711694888E11
206,-6.9943392004337484E13,1.0694290460483464E14,6.411307690916118E11
207,-7.028470530321996E13,1.074646564830952E14,6.44258367013427E11
208,-7.062601860206919E13,1.0798640836130492E14,6.473859649349374E11
209,-7.096733190088548E13,1.085081602394643E14,6.505135628561459E11
210,-7.130864519966916E13,1.090299121175738E14,6.536411607770554E11
211,-7.164995849842053E13,1.095516639956339E14,6.56768758697669E11
212,-7.199127179713992E13,1.1007341587364511E14,6.598963566179891E11
213,-7.233258509582762E13,1.1059516775160786E14,6.630239545380189E11
214,-7.267389839448394E13,1.1111691962952261E14,6.66151552457761E11
215,-7.301521169310916E13,1.1163867150738983E14,6.69279150377218E11
216,-7.335652499170356E13,1.1216042338520995E14,6.724067482963927E11
217,-7.369783829026745E13,1.126821752629834E14,6.755343462152876E11
218,-7.403915158880112E13,1.1320392714071064E14,6.786619441339054E11
219,-7.438046488730484E13,1.1372567901839208E14,6.817895420522487E11
220,-7.472177818577888E13,1.1424743089602814E14,6.8491713997032E11
221,-7.50630914842235E13,1.1476918277361925E14,6.880447378881217E11
222,-7.5404404782639E13,1.1529093465116581E14,6.911723358056564E11
223,-7.574571808102562E13,1.1581268652866822E14,6.942999337229264E11
224,-7.608703137938364E13,1.1633443840612688E14,6.974275316399341E11
225,-7.64283446777133E13,1.1685619028354219E14,7.005551295566819E11
226,-7.676965797601484E13,1.1737794216091453E14,7.036827274731721E11
227,-7.711097127428855E13,1.178996940382443E14,7.068103253894071E11
228,-7.745228457253464E13,1.1842144591553184E14,7.09937923305389E11
229,-7.779359787075338E13,1.1894319779277756E14,7.130655212211202E11
230,-7.8134911168945E13,1.1946494966998181E14,7.161931191366028E11
231,-7.847622446710973E13,1.1998670154714497E14,7.19320717051839E11
232,-7.881753776524783E13,1.2050845342426738E14,7.224483149668309E11
233,-7.91588510633595E13,1.2103020530134939E14,7.255759128815807E11
234,-7.950016436144498E13,1.2155195717839138E14,7.287035107960905E11
235,-7.98414776595045E13,1.2207370905539366E14,7.318311087103622E11
236,-8.018279095753828E13,1.2259546093235658E14,7.34958706624398E11
237,-8.052410425554655E13,1.2311721280928048E14,7.380863045381998E11
238,-8.08654175535295E13,1.236389646861657E14,7.412139024517698E11
239,-8.120673085148736E13,1.2416071656301256E14,7.443415003651097E11
240,-8.154804414942034E13,1.2468246843982138E14,7.474690982782217E11
241,-8.188935744732866E13,1.2520422031659247E14,7.505966961911074E11
242,-8.22306707452125E13,1.2572597219332617E14,7.537242941037689E11
243,-8.25719840430721E13,1.2624772407002278E14,7.568518920162081E11
244,-8.291329734090762E13,1.267694759466826E14,7.599794899284268E11
245,-8.32546106387193E13,1.2729122782330592E14,7.631070878404266E11
246,-8.35959239365073E13,1.2781297969989308E14,7.662346857522097E11
247,-8.393723723427183E13,1.2833473157644434E14,7.693622836637776E11
248,-8.427855053201308E13,1.2885648345296002E14,7.724898815751321E11
249,-8.461986382973123E13,1.2937823532944038E14,7.756174794862749E11
250,-8.496117712742648E13,1.2989998720588572E14,7.787450773972078E11
251,-8.530249042509902E13,1.3042173908229633E14,7.818726753079324E11
252,-8.564380372274902E13,1.3094349095867247E14,7.850002732184504E11
253,-8.598511702037666E13,1.3146524283501442E14,7.881278711287635E11
254,-8.632643031798211E13,1.3198699471132247E14,7.912554690388734E11
255,-8.666774361556556E13,1.3250874658759688E14,7.943830669487815E11
256,-8.700905691312719E13,1.330304984638379E14,7.975106648584895E11
257,-8.735037021066714E13,1.3355225034004581E14,8.00638262767999E11
258,-8.769168350818561E13,1.3407400221622086E14,8.037658606773115E11
259,-8.803299680568275E13,1.3459575409236331E14,8.068934585864286E11
260,-8.837431010315873E13,1.3511750596847342E14,8.100210564953517E11
261,-8.871562340061373E13,1.3563925784455142E14,8.131486544040824E11
262,-8.90569366980479E13,1.3616100972059758E14,8.162762523126222E11
263,-8.93982499954614E13,1.3668276159661212E14,8.194038502209725E11
264,-8.973956329285439E13,1.3720451347259531E14,8.225314481291349E11
265,-9.008087659022702E13,1.3772626534854738E14,8.256590460371106E11
266,-9.042218988757944E13,1.3824801722446855E14,8.287866439449011E11
267,-9.076350318491181E13,1.3876976910035906E14,8.319142418525079E11
268,-9.110481648222428E13,1.3929152097621916E14,8.350418397599323E11
269,-9.1446129779517E13,1.3981327285204906E14,8.381694376671757E11
270,-9.178744307679012E13,1.40335024727849E14,8.412970355742394E11
271,-9.21287563740438E13,1.408567766036192E14,8.444246334811248E11
272,-9.247006967127816E13,1.4137852847935984E14,8.475522313878331E11
273,-9.281138296849334E13,1.419002803550712E14,8.506798292943658E11
274,-9.31526962656895E13,1.4242203223075344E14,8.538074272007241E11
275,-9.349400956286677E13,1.429437841064068E14,8.569350251069093E11
276,-9.383532286002528E13,1.4346553598203153E14,8.600626230129226E11
277,-9.417663615716519E13,1.4398728785762778E14,8.631902209187653E11
278,-9.451794945428662E13,1.4450903973319578E14,8.663178188244386E11
279,-9.485926275138972E13,1.4503079160873575E14,8.694454167299438E11
280,-9.52005760484746E13,1.4555254348424788E14,8.725730146352821E11
281,-9.554188934554139E13,1.4607429535973234E14,8.757006125404547E11
282,-9.588320264259023E13,1.4659604723518938E14,8.788282104454628E11
283,-9.622451593962125E13,1.4711779911061916E14,8.819558083503074E11
284,-9.656582923663458E13,1.4763955098602188E14,8.850834062549899E11
285,-9.690714253363033E13,1.4816130286139772E14,8.882110041595112E11
286,-9.724845583060862E13,1.486830547367469E14,8.913386020638727E11
287,-9.758976912756961E13,1.492048066120696E14,8.944661999680753E11
288,-9.793108242451338E13,1.49726558487366E14,8.975937978721204E11
289,-9.827239572144006E13,1.5024831036263628E14,9.007213957760088E11
290,-9.861370901834978E13,1.5077006223788062E14,9.038489936797417E11
291,-9.895502231524266E13,1.512918141130992E14,9.069765915833202E11
292,-9.92963356121188E13,1.518135659882922E14,9.101041894867454E11
293,-9.963764890897833E13,1.5233531786345978E14,9.132317873900182E11
294,-9.997896220582136E13,1.5285706973860216E14,9.163593852931398E11
295,-1.00320275502648E14,1.5337882161371947E14,9.194869831961112E11
296,-1.0066158879945836E14,1.539005734888119E14,9.226145810989335E11
297,-1.0100290209625256E14,1.5442232536387962E14,9.257421790016075E11
298,-1.013442153930307E14,1.5494407723892278E14,9.288697769041344E11
299,-1.0168552868979289E14,1.5546582911394156E14,9.319973748065151E11
300,-1.0202684198653923E14,1.5598758098893612E14,9.351249727087506E11
301,-1.0236815528326984E14,1.5650933286390662E14,9.382525706108419E11
302,-1.0270946857998483E14,1.5703108473885322E14,9.413801685127899E11
303,-1.0305078187668428E14,1.575528366137761E14,9.445077664145957E11
304,-1.0339209517336831E14,1.5807458848867538E14,9.476353643162601E11
305,-1.0373340847003703E14,1.5859634036355122E14,9.50762962217784E11
306,-1.0407472176669053E14,1.591180922384038E14,9.538905601191685E11
307,-1.044160350633289E14,1.5963984411323328E14,9.570181580204143E11
308,-1.0475734835995227E14,1.6016159598803978E14,9.601457559215225E11
309,-1.050986616565607E14,1.6068334786282347E14,9.632733538224939E11
310,-1.0543997495315431E14,1.612050997375845E14,9.664009517233295E11
311,-1.0578128824973319E14,1.61726851612323E14,9.6952854962403E11
312,-1.0612260154629742E14,1.6224860348703912E14,9.726561475245964E11
313,-1.0646391484284712E14,1.6277035536173303E14,9.757837454250295E11
314,-1.0680522813938238E14,1.6329210723640484E14,9.789113433253302E11
315,-1.0714654143590327E14,1.6381385911105472E14,9.820389412254994E11
316,-1.074878547324099E14,1.6433561098568278E14,9.851665391255378E11
317,-1.0782916802890238E14,1.6485736286028916E14,9.882941370254464E11
318,-1.0817048132538075E14,1.65379114734874E14,9.914217349252258E11
319,-1.0851179462184514E14,1.6590086660943747E14,9.945493328248771E11
320,-1.0885310791829562E14,1.6642261848397966E14,9.976769307244009E11
321,-1.0919442121473228E14,1.6694437035850072E14,1.000804528623798E12
322,-1.0953573451115522E14,1.674661222330008E14,1.0039321265230692E12
323,-1.098770478075645E14,1.6798787410748003E14,1.0070597244222153E12
324,-1.1021836110396022E14,1.6850962598193853E14,1.0101873223212372E12
325,-1.1055967440034247E14,1.690313778563764E14,1.0133149202201355E12
326,-1.1090098769671133E14,1.695531297307938E14,1.0164425181189111E12
327,-1.1124230099306688E14,1.7007488160519088E14,1.0195701160175647E12
328,-1.1158361428940919E14,1.705966334795677E14,1.022697713916097E12
329,-1.1192492758573836E14,1.711183853539244E14,1.0258253118145089E12
330,-1.1226624088205445E14,1.7164013722826116E14,1.028952909712801E12
331,-1.1260755417835756E14,1.7216188910257803E14,1.0320805076109741E12
332,-1.1294886747464777E14,1.726836409768752E14,1.0352081055090288E12
333,-1.1329018077092514E14,1.7320539285115272E14,1.038335703406966E12
334,-1.1363149406718975E14,1.7372714472541075E14,1.0414633013047861E12
335,-1.1397280736344169E14,1.742488965996494E14,1.0445908992024901E12
336,-1.1431412065968102E14,1.7477064847386878E14,1.0477184971000786E12
337,-1.1465543395590783E14,1.7529240034806903E14,1.0508460949975524E12
338,-1.1499674725212219E14,1.7581415222225022E14,1.053973692894912E12
339,-1.1533806054832417E14,1.763359040964125E14,1.0571012907921582E12
340,-1.1567937384451384E14,1.7685765597055597E14,1.0602288886892916E12
341,-1.160206871406913E14,1.7737940784468075E14,1.063356486586313E12
342,-1.1636200043685658E14,1.7790115971878694E14,1.0664840844832229E12
343,-1.1670331373300978E14,1.7842291159287462E14,1.069611682380022E12
344,-1.1704462702915097E14,1.7894466346694397E14,1.0727392802767109E12
345,-1.173859403252802E14,1.7946641534099503E14,1.0758668781732904E12
346,-1.1772725362139756E14,1.7998816721502794E14,1.078994476069761E12
347,-1.1806856691750311E14,1.8050991908904278E14,1.0821220739661234E12
348,-1.1840988021359692E14,1.810316709630397E14,1.0852496718623782E12
349,-1.1875119350967906E14,1.8155342283701875E14,1.088377269758526E12
350,-1.190925068057496E14,1.8207517471098006E14,1.0915048676545675E12
351,-1.194338201018086E14,1.8259692658492375E14,1.0946324655505032E12
352,-1.1977513339785612E14,1.8311867845884988E14,1.0977600634463337E12
353,-1.2011644669389225E14,1.8364043033275856E14,1.1008876613420598E12
354,-1.2045775998991703E14,1.841621822066499E14,1.104015259237682E12
355,-1.2079907328593053E14,1.8468393408052403E14,1.1071428571332007E12
356,-1.2114038658193281E14,1.85205685954381E14,1.1102704550286167E12
357,-1.2148169987792395E14,1.8572743782822094E14,1.1133980529239304E12
358,-1.21823013173904E14,1.862491897020439E14,1.1165256508191426E12
359,-1.2216432646987302E14,1.8677094157585003E14,1.1196532487142537E12
360,-1.2250563976583108E14,1.8729269344963938E14,1.1227808466092642E12
361,-1.2284695306177823E14,1.8781444532341206E14,1.1259084445041748E12
362,-1.2318826635771455E14,1.883361971971682E14,1.129036042398986E12
363,-1.2352957965364008E14,1.888579490709078E14,1.1321636402936985E12
364,-1.2387089294955489E14,1.8937970094463106E14,1.1352912381883127E12
365,-1.2421220624545903E14,1.89901452818338E14,1.138418836082829E12
366,-1.2455351954135258E14,1.9042320469202872E14,1.1415464339772483E12
]]></system-out>
  <system-err><![CDATA[]]></system-err>
</testsuite>
