<?xml version="1.0" encoding="UTF-8"?>
<testsuite name="src.test.TestVisualiser" tests="1" skipped="0" failures="0" errors="0" timestamp="2021-04-16T11:43:05" hostname="pop-os" time="1.459">
  <properties/>
  <testcase name="testVisualiser()" classname="src.test.TestVisualiser" time="1.459"/>
  <system-out><![CDATA[]]></system-out>
  <system-err><![CDATA[]]></system-err>
</testsuite>
