<?xml version="1.0" encoding="UTF-8"?>
<testsuite name="src.test.TestCelestialBody" tests="1" skipped="0" failures="0" errors="0" timestamp="2021-04-16T11:27:30" hostname="pop-os" time="0.103">
  <properties/>
  <testcase name="testCollision()" classname="src.test.TestCelestialBody" time="0.103"/>
  <system-out><![CDATA[]]></system-out>
  <system-err><![CDATA[]]></system-err>
</testsuite>
