<?xml version="1.0" encoding="UTF-8"?>
<testsuite name="src.test.TestSimulation" tests="3" skipped="0" failures="0" errors="0" timestamp="2021-04-18T13:16:59" hostname="pop-os" time="6.934">
  <properties/>
  <testcase name="testTimeArrayTraj()" classname="src.test.TestSimulation" time="1.339"/>
  <testcase name="testFinalTimeTraj()" classname="src.test.TestSimulation" time="3.57"/>
  <testcase name="testAgainstEphemeris()" classname="src.test.TestSimulation" time="2.024"/>
  <system-out><![CDATA[Final position(8.569328863702513E11,-1.2493022716897788E12,-1.838286941261663E10)
Final position(8.588236950026453E11,-1.2481403147793928E12,-1.821731228852048E10)
]]></system-out>
  <system-err><![CDATA[]]></system-err>
</testsuite>
