<?xml version="1.0" encoding="UTF-8"?>
<testsuite name="src.test.TestDTG" tests="2" skipped="0" failures="0" errors="0" timestamp="2021-04-17T20:19:30" hostname="pop-os" time="0.005">
  <properties/>
  <testcase name="testDTG()" classname="src.test.TestDTG" time="0.004"/>
  <testcase name="testCompare()" classname="src.test.TestDTG" time="0.001"/>
  <system-out><![CDATA[true
]]></system-out>
  <system-err><![CDATA[]]></system-err>
</testsuite>
