<?xml version="1.0" encoding="UTF-8"?>
<testsuite name="src.test.Vector3dTest" tests="13" skipped="0" failures="0" errors="0" timestamp="2021-04-17T16:34:30" hostname="pop-os" time="0.034">
  <properties/>
  <testcase name="testMul()" classname="src.test.Vector3dTest" time="0.001"/>
  <testcase name="testSub()" classname="src.test.Vector3dTest" time="0.002"/>
  <testcase name="testDist()" classname="src.test.Vector3dTest" time="0.001"/>
  <testcase name="testGetX()" classname="src.test.Vector3dTest" time="0.001"/>
  <testcase name="testGetY()" classname="src.test.Vector3dTest" time="0.001"/>
  <testcase name="testGetZ()" classname="src.test.Vector3dTest" time="0.001"/>
  <testcase name="testNorm()" classname="src.test.Vector3dTest" time="0.001"/>
  <testcase name="testSetX()" classname="src.test.Vector3dTest" time="0.002"/>
  <testcase name="testSetY()" classname="src.test.Vector3dTest" time="0.002"/>
  <testcase name="testSetZ()" classname="src.test.Vector3dTest" time="0.001"/>
  <testcase name="testToString()" classname="src.test.Vector3dTest" time="0.001"/>
  <testcase name="testAddVector3d()" classname="src.test.Vector3dTest" time="0.001"/>
  <testcase name="testAddMul()" classname="src.test.Vector3dTest" time="0.001"/>
  <system-out><![CDATA[]]></system-out>
  <system-err><![CDATA[]]></system-err>
</testsuite>
