<?xml version="1.0" encoding="UTF-8"?>
<testsuite name="src.test.TestEulerSolver" tests="3" skipped="0" failures="0" errors="0" timestamp="2021-04-16T11:27:31" hostname="pop-os" time="0.027">
  <properties/>
  <testcase name="testSingleStep()" classname="src.test.TestEulerSolver" time="0.005"/>
  <testcase name="testFunction2()" classname="src.test.TestEulerSolver" time="0.009"/>
  <testcase name="testFunction3()" classname="src.test.TestEulerSolver" time="0.009"/>
  <system-out><![CDATA[Single step: 
(V: X: -14.205116696061488 y: -4.954714721197586 z: 0.39942376216744196 |P: X: -6.806783381332816E8 y: 1.0800055289240103E9 z: 6564013.151113932 | Time: 1.0),
(V: X: 38925.85161703165 y: 2978.3697578652873 z: -3327.961878297275 |P: X: 6086781.838314573 y: -6.8017997500346634E10 z: -5.702745687678685E9 | Time: 1.0),

==========================
Test2: 

(V: X: -14.20511669610689 y: -4.954714716629277 z: 0.3994237625449041 |P: X: -6.806783239281648E8 y: 1.080005533878725E9 z: 6564012.75169017 | Time: 0.0),
(V: X: 38925.85189044652 y: 2978.342247012996 z: -3327.96415141474 |P: X: 6047855.986424127 y: -6.801800047868888E10 z: -5.702742359714534E9 | Time: 0.0),, 
(V: X: -14.205116696061488 y: -4.954714721197586 z: 0.39942376216744196 |P: X: -6.806783381332816E8 y: 1.0800055289240103E9 z: 6564013.151113932 | Time: 1.0),
(V: X: 38925.85161703165 y: 2978.3697578652873 z: -3327.961878297275 |P: X: 6086781.838314573 y: -6.8017997500346634E10 z: -5.702745687678685E9 | Time: 1.0),, 
(V: X: -14.205116696016084 y: -4.954714725765896 z: 0.3994237617899796 |P: X: -6.806783523383983E8 y: 1.0800055239692955E9 z: 6564013.550537694 | Time: 2.0),
(V: X: 38925.85134360124 y: 2978.3972687191444 z: -3327.9596051782564 |P: X: 6125707.689931605 y: -6.8017994521976875E10 z: -5.702749015640563E9 | Time: 2.0),, 
(V: X: -14.205116695970677 y: -4.9547147303342065 z: 0.399423761412517 |P: X: -6.806783665435151E8 y: 1.0800055190145807E9 z: 6564013.9499614565 | Time: 3.0),
(V: X: 38925.85107015531 y: 2978.4247795745673 z: -3327.9573320576856 |P: X: 6164633.541275206 y: -6.8017991543579605E10 z: -5.702752343600168E9 | Time: 3.0),, 
(V: X: -14.205116695925268 y: -4.954714734902517 z: 0.3994237610350541 |P: X: -6.806783807486318E8 y: 1.080005514059866E9 z: 6564014.349385218 | Time: 4.0),
(V: X: 38925.85079669384 y: 2978.452290431556 z: -3327.955058935562 |P: X: 6203559.392345361 y: -6.801798856515482E10 z: -5.7027556715575E9 | Time: 4.0),, 
(V: X: -14.205116695879855 y: -4.954714739470827 z: 0.399423760657591 |P: X: -6.806783949537486E8 y: 1.0800055091051512E9 z: 6564014.748808979 | Time: 5.0),
(V: X: 38925.850523216846 y: 2978.47980129011 z: -3327.952785811886 |P: X: 6242485.243142055 y: -6.801798558670253E10 z: -5.702758999512559E9 | Time: 5.0),, 
===========================
Test3: 

(V: X: -14.20511669610689 y: -4.954714716629277 z: 0.3994237625449041 |P: X: -6.806783239281648E8 y: 1.080005533878725E9 z: 6564012.75169017 | Time: 0.0),
(V: X: 38925.85189044652 y: 2978.342247012996 z: -3327.96415141474 |P: X: 6047855.986424127 y: -6.801800047868888E10 z: -5.702742359714534E9 | Time: 0.0),, 
(V: X: -14.20511669565287 y: -4.9547147623123715 z: 0.3994237587702831 |P: X: -6.806784659793319E8 y: 1.0800054843315778E9 z: 6564016.745927795 | Time: 10.0),
(V: X: 38925.8491562978 y: 2978.61735553591 z: -3327.941420240085 |P: X: 6437114.505328592 y: -6.801797069526641E10 z: -5.702775639356048E9 | Time: 10.0),, 
(V: X: -14.20511669429004 y: -4.9547148993617345 z: 0.39942374744634274 |P: X: -6.806788921328328E8 y: 1.080005335690135E9 z: 6564028.728640558 | Time: 40.0),
(V: X: 38925.84094919231 y: 2979.4426815743404 z: -3327.873226250319 |P: X: 7604889.980017526 y: -6.801788133674574E10 z: -5.702875477598655E9 | Time: 40.0),, 
(V: X: -14.20511669155974 y: -4.954715173460928 z: 0.3994237247979979 |P: X: -6.806797444398345E8 y: 1.080005038407241E9 z: 6564052.694065405 | Time: 100.0),
(V: X: 38925.82450702528 y: 2981.0933364687808 z: -3327.7368354760206 |P: X: 9940440.436969064 y: -6.8017702570184845E10 z: -5.703075149992229E9 | Time: 100.0),, 
(V: X: -14.205116650465957 y: -4.95471928496286 z: 0.39942338505890335 |P: X: -6.806925290448569E8 y: 1.080000579163585E9 z: 6564412.175417723 | Time: 1000.0),
(V: X: 38925.5770358316 y: 3005.8532443847266 z: -3325.6908900201656 |P: X: 4.497368249329182E7 y: -6.801501958618202E10 z: -5.706070113144157E9 | Time: 1000.0),, 
(V: X: -14.205115738825025 y: -4.9548060877484 z: 0.3994162083826627 |P: X: -6.809624262612158E8 y: 1.0799064394971707E9 z: 6572001.219733843 | Time: 20000.0),
(V: X: 38920.087035855984 y: 3528.58897741389 z: -3282.4721719566264 |P: X: 7.845596461740923E8 y: -6.795790837453871E10 z: -5.769258240054541E9 | Time: 20000.0),, 
===========================
]]></system-out>
  <system-err><![CDATA[]]></system-err>
</testsuite>
